[INFO ] 2021-02-12 09:51:18.457 [main] User - Logging works again?
[INFO ] 2021-02-13 09:19:51.731 [main] UserDao - Users: [User{, userId=1, firstName='First', lastName='User', username='firstUser', email='firstUser@gmail.com', password='password', lessonsTaken=null, lessonsTaught=null, isActive=true, roleId=1, dateCreated=2021-02-12, dateDeleted=null}]
[INFO ] 2021-02-13 09:22:08.391 [main] UserDao - Users: [User{, userId=1, firstName='First', lastName='User', username='firstUser', email='firstUser@gmail.com', password='password', lessonsTaken=null, lessonsTaught=null, isActive=true, roleId=1, dateCreated=2021-02-12, dateDeleted=null}]
[INFO ] 2021-02-13 09:27:48.517 [main] UserDao - Users: [User{, userId=1, firstName='First', lastName='User', username='firstUser', email='firstUser@gmail.com', password='password', lessonsTaken=null, lessonsTaught=null, isActive=true, roleId=1, dateCreated=2021-02-12, dateDeleted=null}, User{, userId=2, firstName='Second', lastName='Person', username='secondPerson', email='secondPerson@gmail.com', password='12345', lessonsTaken=5, lessonsTaught=4, isActive=true, roleId=1, dateCreated=2021-02-13, dateDeleted=null}]
[INFO ] 2021-02-13 09:54:41.463 [main] UserDao - Users by last name: [User{, userId=2, firstName='Second', lastName='Person', username='secondPerson', email='secondPerson@gmail.com', password='12345', lessonsTaken=5, lessonsTaught=4, isActive=true, roleId=1, dateCreated=2021-02-13, dateDeleted=null}]
[ERROR] 2021-02-19 10:21:29.397 [main] Database - java.sql.SQLIntegrityConstraintViolationException: Cannot add or update a child row: a foreign key constraint fails (`test_habil`.`users`, CONSTRAINT `users_user_roles` FOREIGN KEY (`role_id`) REFERENCES `user_roles` (`role_id`))
[ERROR] 2021-02-19 10:22:21.342 [main] Database - com.mysql.cj.jdbc.exceptions.MySQLTransactionRollbackException: Lock wait timeout exceeded; try restarting transaction
[ERROR] 2021-02-19 10:23:12.459 [main] Database - com.mysql.cj.jdbc.exceptions.MySQLTransactionRollbackException: Lock wait timeout exceeded; try restarting transaction
[ERROR] 2021-02-19 10:24:03.580 [main] Database - com.mysql.cj.jdbc.exceptions.MySQLTransactionRollbackException: Lock wait timeout exceeded; try restarting transaction
[ERROR] 2021-02-19 18:35:35.102 [main] Database - java.sql.SQLIntegrityConstraintViolationException: Cannot add or update a child row: a foreign key constraint fails (`test_habil`.`users`, CONSTRAINT `users_user_roles` FOREIGN KEY (`role_id`) REFERENCES `user_roles` (`role_id`))
[INFO ] 2021-02-20 09:56:03.939 [main] UserDao - []
[ERROR] 2021-02-20 10:17:38.089 [main] Database - java.sql.SQLSyntaxErrorException: Table 'test_habil.user_roles' doesn't exist
[ERROR] 2021-02-21 10:24:41.762 [main] Database - java.sql.SQLIntegrityConstraintViolationException: Cannot add or update a child row: a foreign key constraint fails (`test_habil`.`users`, CONSTRAINT `users_user_roles` FOREIGN KEY (`role_id`) REFERENCES `roles` (`id`))
[ERROR] 2021-02-21 13:11:25.508 [main] Database - java.sql.SQLIntegrityConstraintViolationException: Cannot add or update a child row: a foreign key constraint fails (`test_habil`.`users`, CONSTRAINT `users_user_roles` FOREIGN KEY (`role_id`) REFERENCES `roles` (`id`))
[ERROR] 2021-02-24 09:11:51.059 [main] Database - java.sql.SQLException: Field 'user_name' doesn't have a default value
[ERROR] 2021-02-24 09:11:51.592 [main] Database - java.sql.SQLException: Field 'user_name' doesn't have a default value
[ERROR] 2021-02-24 09:11:51.747 [main] Database - java.sql.SQLException: Field 'user_name' doesn't have a default value
[ERROR] 2021-02-24 09:11:51.871 [main] Database - java.sql.SQLException: Field 'user_name' doesn't have a default value
[ERROR] 2021-02-24 09:11:52.260 [main] Database - java.sql.SQLException: Field 'user_name' doesn't have a default value
[ERROR] 2021-02-24 09:11:52.380 [main] Database - java.sql.SQLException: Field 'user_name' doesn't have a default value
[ERROR] 2021-02-24 09:13:21.516 [main] Database - java.sql.SQLException: Field 'user_name' doesn't have a default value
[ERROR] 2021-02-24 09:13:21.909 [main] Database - java.sql.SQLException: Field 'user_name' doesn't have a default value
[ERROR] 2021-02-24 09:13:22.052 [main] Database - java.sql.SQLException: Field 'user_name' doesn't have a default value
[ERROR] 2021-02-24 09:13:22.173 [main] Database - java.sql.SQLException: Field 'user_name' doesn't have a default value
[ERROR] 2021-02-24 09:13:22.525 [main] Database - java.sql.SQLException: Field 'user_name' doesn't have a default value
[ERROR] 2021-02-24 09:13:22.588 [main] Database - java.sql.SQLException: Field 'user_name' doesn't have a default value
[ERROR] 2021-02-24 09:13:48.104 [main] Database - java.sql.SQLIntegrityConstraintViolationException: Cannot add or update a child row: a foreign key constraint fails (`test_habil`.`users`, CONSTRAINT `users_user_roles` FOREIGN KEY (`role_id`) REFERENCES `roles` (`id`))
[ERROR] 2021-02-24 09:14:39.457 [main] Database - com.mysql.cj.jdbc.exceptions.MySQLTransactionRollbackException: Lock wait timeout exceeded; try restarting transaction
[ERROR] 2021-02-24 09:15:30.577 [main] Database - com.mysql.cj.jdbc.exceptions.MySQLTransactionRollbackException: Lock wait timeout exceeded; try restarting transaction
[ERROR] 2021-02-24 13:25:49.687 [main] Database - java.sql.SQLIntegrityConstraintViolationException: Cannot delete or update a parent row: a foreign key constraint fails (`test_habil`.`roles`, CONSTRAINT `roles_users` FOREIGN KEY (`user_name`) REFERENCES `users` (`user_name`))
[ERROR] 2021-02-24 13:26:29.588 [main] Database - java.sql.SQLException: Can not issue empty query.
[INFO ] 2021-02-24 13:41:35.705 [main] UserDao - User{, userId=0, firstName='test', lastName='user', username='testuser', email='email', password='password', lessonsTaken=null, lessonsTaught=null, isActive=true, dateCreated=2021-02-24, dateDeleted=null}
[INFO ] 2021-02-24 13:44:19.080 [main] UserDao - User{userId=27, firstName='test', lastName='user', username='testuser', email='email', password='password', lessonsTaken=null, lessonsTaught=null, isActive=true, dateCreated=2021-02-24, dateDeleted=null}
[INFO ] 2021-02-24 13:44:35.491 [main] UserDao - User{userId=28, firstName='test', lastName='user', username='testuser', email='email', password='password', lessonsTaken=null, lessonsTaught=null, isActive=true, dateCreated=2021-02-24, dateDeleted=null}
[ERROR] 2021-02-24 16:50:48.957 [main] Database - java.sql.SQLIntegrityConstraintViolationException: Cannot delete or update a parent row: a foreign key constraint fails (`test_habil`.`roles`, CONSTRAINT `roles_users` FOREIGN KEY (`user_name`) REFERENCES `users` (`user_name`))
[ERROR] 2021-02-24 16:50:49.176 [main] Database - java.sql.SQLIntegrityConstraintViolationException: Cannot delete or update a parent row: a foreign key constraint fails (`test_habil`.`roles`, CONSTRAINT `roles_users` FOREIGN KEY (`user_name`) REFERENCES `users` (`user_name`))
[ERROR] 2021-02-24 16:50:49.561 [main] Database - java.sql.SQLIntegrityConstraintViolationException: Cannot delete or update a parent row: a foreign key constraint fails (`test_habil`.`roles`, CONSTRAINT `roles_users` FOREIGN KEY (`user_name`) REFERENCES `users` (`user_name`))
[ERROR] 2021-02-24 16:50:49.986 [main] Database - java.sql.SQLIntegrityConstraintViolationException: Cannot delete or update a parent row: a foreign key constraint fails (`test_habil`.`roles`, CONSTRAINT `roles_users` FOREIGN KEY (`user_name`) REFERENCES `users` (`user_name`))
[ERROR] 2021-02-24 16:50:50.089 [main] Database - java.sql.SQLIntegrityConstraintViolationException: Cannot delete or update a parent row: a foreign key constraint fails (`test_habil`.`roles`, CONSTRAINT `roles_users` FOREIGN KEY (`user_name`) REFERENCES `users` (`user_name`))
[ERROR] 2021-02-24 16:51:16.637 [main] Database - java.sql.SQLException: Can not issue empty query.
[ERROR] 2021-02-24 16:51:16.948 [main] Database - java.sql.SQLException: Can not issue empty query.
[ERROR] 2021-02-24 16:51:17.132 [main] Database - java.sql.SQLException: Can not issue empty query.
[ERROR] 2021-02-24 16:51:17.488 [main] Database - java.sql.SQLException: Can not issue empty query.
[ERROR] 2021-02-24 16:51:17.627 [main] Database - java.sql.SQLException: Can not issue empty query.
[INFO ] 2021-02-24 17:03:26.643 [main] UserDao - User{userId=31, firstName='test', lastName='user', username='testuser', email='email', password='password', lessonsTaken=null, lessonsTaught=null, isActive=true, dateCreated=2021-02-24, dateDeleted=null}
[INFO ] 2021-02-24 17:04:11.620 [main] UserDao - User{userId=34, firstName='test', lastName='user', username='testuser', email='email', password='password', lessonsTaken=null, lessonsTaught=null, isActive=true, dateCreated=2021-02-24, dateDeleted=null}
[INFO ] 2021-02-24 17:06:13.813 [main] UserDao - User{userId=37, firstName='test', lastName='user', username='testuser', email='email', password='password', lessonsTaken=null, lessonsTaught=null, isActive=true, dateCreated=2021-02-24, dateDeleted=null}
[INFO ] 2021-02-24 17:31:55.385 [main] UserDao - User{userId=40, firstName='test', lastName='user', username='testuser', email='email', password='password', lessonsTaken=null, lessonsTaught=null, isActive=true, dateCreated=2021-02-24, dateDeleted=null}
[INFO ] 2021-02-24 17:32:31.063 [main] UserDao - User{userId=43, firstName='test', lastName='user', username='testuser', email='email', password='password', lessonsTaken=null, lessonsTaught=null, isActive=true, dateCreated=2021-02-24, dateDeleted=null}
[INFO ] 2021-02-27 09:34:12.555 [main] GenericDao - User{userId=47, firstName='test', lastName='user', username='testuser', email='email', password='password', lessonsTaken=null, lessonsTaught=null, isActive=true, dateCreated=2021-02-27, dateDeleted=null}
[INFO ] 2021-02-27 10:01:56.927 [main] GenericDao - [User{userId=1, firstName='Joe', lastName='Coyne', username='jcoyne', email='email@email.com', password='supersecret1', lessonsTaken=null, lessonsTaught=null, isActive=true, dateCreated=1964-04-01, dateDeleted=null}]
[INFO ] 2021-02-27 10:03:36.593 [main] GenericDao - [User{userId=1, firstName='Joe', lastName='Coyne', username='jcoyne', email='email@email.com', password='supersecret1', lessonsTaken=null, lessonsTaught=null, isActive=true, dateCreated=1964-04-01, dateDeleted=null}]
[INFO ] 2021-02-27 10:18:29.291 [main] GenericDao - User{userId=49, firstName='test', lastName='user', username='testuser', email='email', password='password', lessonsTaken=null, lessonsTaught=null, isActive=true, dateCreated=2021-02-27, dateDeleted=null}
[INFO ] 2021-02-27 10:26:37.120 [main] GenericDao - UserRole{roleId=53, roleName='unitTester', user=User{userId=1, firstName='Joe', lastName='Coyne', username='jcoyne', email='email@email.com', password='supersecret1', lessonsTaken=null, lessonsTaught=null, isActive=true, dateCreated=1964-04-01, dateDeleted=null}}
[INFO ] 2021-02-27 10:41:39.983 [main] GenericDao - UserRole{roleId=54, roleName='unitTester', user=User{userId=1, firstName='Joe', lastName='Coyne', username='jcoyne', email='email@email.com', password='supersecret1', lessonsTaken=null, lessonsTaught=null, isActive=true, dateCreated=1964-04-01, dateDeleted=null}}
[INFO ] 2021-02-27 10:51:47.444 [main] GenericDao - UserRole{roleId=58, roleName='unitTester', user=User{userId=1, firstName='Joe', lastName='Coyne', username='jcoyne', email='email@email.com', password='supersecret1', lessonsTaken=null, lessonsTaught=null, isActive=true, dateCreated=1964-04-01, dateDeleted=null}}
[INFO ] 2021-02-27 10:53:43.904 [main] GenericDao - UserRole{roleId=61, roleName='unitTester', user=User{userId=1, firstName='Joe', lastName='Coyne', username='jcoyne', email='email@email.com', password='supersecret1', lessonsTaken=null, lessonsTaught=null, isActive=true, dateCreated=1964-04-01, dateDeleted=null}}
[INFO ] 2021-02-27 10:54:35.181 [main] GenericDao - User{userId=52, firstName='test', lastName='user', username='testuser', email='email', password='password', lessonsTaken=null, lessonsTaught=null, isActive=true, dateCreated=2021-02-27, dateDeleted=null}
[INFO ] 2021-02-27 10:59:01.283 [main] GenericDao - User{userId=56, firstName='test', lastName='user', username='testuser', email='email', password='password', lessonsTaken=null, lessonsTaught=null, isActive=true, dateCreated=2021-02-27, dateDeleted=null}
[INFO ] 2021-02-27 14:07:35.196 [main] GenericDao - Lesson{lessonId=3, student=4, teacher=6}
[INFO ] 2021-02-27 14:08:43.426 [main] GenericDao - Lesson{lessonId=3, student=4, teacher=6}
[INFO ] 2021-02-27 14:39:26.219 [main] GenericDao - Lesson{lessonId=3, student=4, teacher=6}
[INFO ] 2021-02-27 14:39:43.996 [main] GenericDao - Lesson{lessonId=3, student=4, teacher=6}
[INFO ] 2021-02-27 14:50:16.105 [main] GenericDao - Lesson{lessonId=3, student=4, teacher=6}
[INFO ] 2021-03-03 11:46:27.786 [main] GenericDao - UserRole{roleId=66, roleName='unitTester', user=User{userId=1, firstName='Joe', lastName='Coyne', username='jcoyne', email='email@email.com', password='supersecret1', lessonsTaken=null, lessonsTaught=null, isActive=true, dateCreated=1964-04-01, dateDeleted=null}}
[INFO ] 2021-03-03 11:46:29.536 [main] GenericDao - User{userId=59, firstName='test', lastName='user', username='testuser', email='email', password='password', lessonsTaken=null, lessonsTaught=null, isActive=true, dateCreated=2021-03-03, dateDeleted=null}
[INFO ] 2021-03-03 11:46:31.476 [main] GenericDao - Lesson{lessonId=3, student=4, teacher=6}
[INFO ] 2021-03-03 11:48:14.092 [main] GenericDao - UserRole{roleId=70, roleName='unitTester', user=User{userId=1, firstName='Joe', lastName='Coyne', username='jcoyne', email='email@email.com', password='supersecret1', lessonsTaken=null, lessonsTaught=null, isActive=true, dateCreated=1964-04-01, dateDeleted=null}}
[INFO ] 2021-03-03 11:48:15.870 [main] GenericDao - User{userId=62, firstName='test', lastName='user', username='testuser', email='email', password='password', lessonsTaken=null, lessonsTaught=null, isActive=true, dateCreated=2021-03-03, dateDeleted=null}
[INFO ] 2021-03-03 11:48:17.999 [main] GenericDao - Lesson{lessonId=3, student=4, teacher=6}
[INFO ] 2021-03-04 10:50:42.433 [main] GenericDao - UserRole{roleId=74, roleName='unitTester', user=User{userId=1, firstName='Joe', lastName='Coyne', username='jcoyne', email='email@email.com', password='supersecret1', lessonsTaken=null, lessonsTaught=null, isActive=true, dateCreated=1964-04-01, dateDeleted=null}}
[INFO ] 2021-03-04 10:50:44.010 [main] GenericDao - User{userId=65, firstName='test', lastName='user', username='testuser', email='email', password='password', lessonsTaken=null, lessonsTaught=null, isActive=true, dateCreated=2021-03-04, dateDeleted=null}
[INFO ] 2021-03-04 10:50:45.343 [main] GenericDao - Lesson{lessonId=3, student=4, teacher=6}
[INFO ] 2021-03-04 10:58:57.313 [main] GenericDao - UserRole{roleId=78, roleName='unitTester', user=User{userId=1, firstName='Joe', lastName='Coyne', username='jcoyne', email='email@email.com', password='supersecret1', lessonsTaken=null, lessonsTaught=null, isActive=true, dateCreated=1964-04-01, dateDeleted=null}}
[INFO ] 2021-03-04 10:58:58.559 [main] GenericDao - User{userId=68, firstName='test', lastName='user', username='testuser', email='email', password='password', lessonsTaken=null, lessonsTaught=null, isActive=true, dateCreated=2021-03-04, dateDeleted=null}
[INFO ] 2021-03-04 10:58:59.762 [main] GenericDao - Lesson{lessonId=3, student=4, teacher=6}
[INFO ] 2021-03-04 11:25:10.127 [main] GenericDao - UserRole{roleId=82, roleName='unitTester', user=User{userId=1, firstName='Joe', lastName='Coyne', username='jcoyne', email='email@email.com', password='supersecret1', lessonsTaken=null, lessonsTaught=null, isActive=true, dateCreated=1964-04-01, dateDeleted=null}}
[INFO ] 2021-03-04 11:25:12.053 [main] GenericDao - User{userId=71, firstName='test', lastName='user', username='testuser', email='email', password='password', lessonsTaken=null, lessonsTaught=null, isActive=true, dateCreated=2021-03-04, dateDeleted=null}
[INFO ] 2021-03-04 11:25:13.946 [main] GenericDao - Lesson{lessonId=3, student=4, teacher=6}
[INFO ] 2021-03-04 11:26:51.566 [main] GenericDao - UserRole{roleId=86, roleName='unitTester', user=User{userId=1, firstName='Joe', lastName='Coyne', username='jcoyne', email='email@email.com', password='supersecret1', lessonsTaken=null, lessonsTaught=null, isActive=true, dateCreated=1964-04-01, dateDeleted=null}}
[INFO ] 2021-03-04 11:26:53.246 [main] GenericDao - User{userId=74, firstName='test', lastName='user', username='testuser', email='email', password='password', lessonsTaken=null, lessonsTaught=null, isActive=true, dateCreated=2021-03-04, dateDeleted=null}
[INFO ] 2021-03-04 11:26:54.994 [main] GenericDao - Lesson{lessonId=3, student=4, teacher=6}
[INFO ] 2021-03-04 11:33:54.663 [main] GenericDao - UserRole{roleId=90, roleName='unitTester', user=User{userId=1, firstName='Joe', lastName='Coyne', username='jcoyne', email='email@email.com', password='supersecret1', lessonsTaken=null, lessonsTaught=null, isActive=true, dateCreated=1964-04-01, dateDeleted=null}}
[INFO ] 2021-03-04 11:33:56.264 [main] GenericDao - User{userId=77, firstName='test', lastName='user', username='testuser', email='email', password='password', lessonsTaken=null, lessonsTaught=null, isActive=true, dateCreated=2021-03-04, dateDeleted=null}
[INFO ] 2021-03-04 11:33:57.794 [main] GenericDao - Lesson{lessonId=3, student=4, teacher=6}
[INFO ] 2021-03-04 11:39:42.009 [main] GenericDao - UserRole{roleId=94, roleName='unitTester', user=User{userId=1, firstName='Joe', lastName='Coyne', username='jcoyne', email='email@email.com', password='supersecret1', lessonsTaken=null, lessonsTaught=null, isActive=true, dateCreated=1964-04-01, dateDeleted=null}}
[INFO ] 2021-03-04 11:39:43.157 [main] GenericDao - User{userId=80, firstName='test', lastName='user', username='testuser', email='email', password='password', lessonsTaken=null, lessonsTaught=null, isActive=true, dateCreated=2021-03-04, dateDeleted=null}
[INFO ] 2021-03-04 11:39:44.253 [main] GenericDao - Lesson{lessonId=3, student=4, teacher=6}
[INFO ] 2021-03-04 11:41:29.607 [main] GenericDao - UserRole{roleId=98, roleName='unitTester', user=User{userId=1, firstName='Joe', lastName='Coyne', username='jcoyne', email='email@email.com', password='supersecret1', lessonsTaken=null, lessonsTaught=null, isActive=true, dateCreated=1964-04-01, dateDeleted=null}}
[INFO ] 2021-03-04 11:41:30.858 [main] GenericDao - User{userId=83, firstName='test', lastName='user', username='testuser', email='email', password='password', lessonsTaken=null, lessonsTaught=null, isActive=true, dateCreated=2021-03-04, dateDeleted=null}
[INFO ] 2021-03-04 11:41:32.049 [main] GenericDao - Lesson{lessonId=3, student=4, teacher=6}
[INFO ] 2021-03-04 14:15:51.198 [main] GenericDao - UserRole{roleId=102, roleName='unitTester', user=User{userId=1, firstName='Joe', lastName='Coyne', username='jcoyne', email='email@email.com', password='supersecret1', lessonsTaken=null, lessonsTaught=null, isActive=true, dateCreated=1964-04-01, dateDeleted=null}}
[INFO ] 2021-03-04 14:15:52.768 [main] GenericDao - User{userId=86, firstName='test', lastName='user', username='testuser', email='email', password='password', lessonsTaken=null, lessonsTaught=null, isActive=true, dateCreated=2021-03-04, dateDeleted=null}
[INFO ] 2021-03-04 14:15:54.068 [main] GenericDao - Lesson{lessonId=3, student=4, teacher=6}
[INFO ] 2021-03-04 14:18:36.861 [main] GenericDao - UserRole{roleId=106, roleName='unitTester', user=User{userId=1, firstName='Joe', lastName='Coyne', username='jcoyne', email='email@email.com', password='supersecret1', lessonsTaken=null, lessonsTaught=null, isActive=true, dateCreated=1964-04-01, dateDeleted=null}}
[INFO ] 2021-03-04 14:18:38.217 [main] GenericDao - User{userId=89, firstName='test', lastName='user', username='testuser', email='email', password='password', lessonsTaken=null, lessonsTaught=null, isActive=true, dateCreated=2021-03-04, dateDeleted=null}
[INFO ] 2021-03-04 14:18:39.716 [main] GenericDao - Lesson{lessonId=3, student=4, teacher=6}
[INFO ] 2021-03-04 14:20:41.478 [main] GenericDao - UserRole{roleId=110, roleName='unitTester', user=User{userId=1, firstName='Joe', lastName='Coyne', username='jcoyne', email='email@email.com', password='supersecret1', lessonsTaken=null, lessonsTaught=null, isActive=true, dateCreated=1964-04-01, dateDeleted=null}}
[INFO ] 2021-03-04 14:20:42.613 [main] GenericDao - User{userId=92, firstName='test', lastName='user', username='testuser', email='email', password='password', lessonsTaken=null, lessonsTaught=null, isActive=true, dateCreated=2021-03-04, dateDeleted=null}
[INFO ] 2021-03-04 14:20:43.741 [main] GenericDao - Lesson{lessonId=3, student=4, teacher=6}
[INFO ] 2021-03-04 14:31:42.570 [main] GenericDao - UserRole{roleId=114, roleName='unitTester', user=User{userId=1, firstName='Joe', lastName='Coyne', username='jcoyne', email='email@email.com', password='supersecret1', lessonsTaken=null, lessonsTaught=null, isActive=true, dateCreated=1964-04-01, dateDeleted=null}}
[INFO ] 2021-03-04 14:31:43.779 [main] GenericDao - User{userId=95, firstName='test', lastName='user', username='testuser', email='email', password='password', lessonsTaken=null, lessonsTaught=null, isActive=true, dateCreated=2021-03-04, dateDeleted=null}
[INFO ] 2021-03-04 14:31:45.298 [main] GenericDao - Lesson{lessonId=3, student=4, teacher=6}
[INFO ] 2021-03-04 14:50:15.854 [main] GenericDao - UserRole{roleId=118, roleName='unitTester', user=User{userId=1, firstName='Joe', lastName='Coyne', username='jcoyne', email='email@email.com', password='supersecret1', lessonsTaken=null, lessonsTaught=null, isActive=true, dateCreated=1964-04-01, dateDeleted=null}}
[INFO ] 2021-03-04 14:50:17.190 [main] GenericDao - User{userId=98, firstName='test', lastName='user', username='testuser', email='email', password='password', lessonsTaken=null, lessonsTaught=null, isActive=true, dateCreated=2021-03-04, dateDeleted=null}
[INFO ] 2021-03-04 14:50:18.410 [main] GenericDao - Lesson{lessonId=3, student=4, teacher=6}
[INFO ] 2021-03-04 15:05:06.388 [main] GenericDao - UserRole{roleId=122, roleName='unitTester', user=User{userId=1, firstName='Joe', lastName='Coyne', username='jcoyne', email='email@email.com', password='supersecret1', lessonsTaken=null, lessonsTaught=null, isActive=true, dateCreated=1964-04-01, dateDeleted=null}}
[INFO ] 2021-03-04 15:05:07.633 [main] GenericDao - User{userId=101, firstName='test', lastName='user', username='testuser', email='email', password='password', lessonsTaken=null, lessonsTaught=null, isActive=true, dateCreated=2021-03-04, dateDeleted=null}
[INFO ] 2021-03-04 15:05:09.254 [main] GenericDao - Lesson{lessonId=3, student=4, teacher=6}
[INFO ] 2021-03-04 15:11:13.534 [main] GenericDao - UserRole{roleId=126, roleName='unitTester', user=User{userId=1, firstName='Joe', lastName='Coyne', username='jcoyne', email='email@email.com', password='supersecret1', lessonsTaken=null, lessonsTaught=null, isActive=true, dateCreated=1964-04-01, dateDeleted=null}}
[INFO ] 2021-03-04 15:11:14.757 [main] GenericDao - User{userId=104, firstName='test', lastName='user', username='testuser', email='email', password='password', lessonsTaken=null, lessonsTaught=null, isActive=true, dateCreated=2021-03-04, dateDeleted=null}
[INFO ] 2021-03-04 15:11:15.944 [main] GenericDao - Lesson{lessonId=3, student=4, teacher=6}
[INFO ] 2021-03-05 09:51:51.956 [main] GenericDao - UserRole{roleId=130, roleName='unitTester', user=User{userId=1, firstName='Joe', lastName='Coyne', username='jcoyne', email='email@email.com', password='supersecret1', lessonsTaken=null, lessonsTaught=null, isActive=true, dateCreated=1964-04-01, dateDeleted=null}}
[INFO ] 2021-03-05 09:51:53.372 [main] GenericDao - User{userId=107, firstName='test', lastName='user', username='testuser', email='email', password='password', lessonsTaken=null, lessonsTaught=null, isActive=true, dateCreated=2021-03-05, dateDeleted=null}
[INFO ] 2021-03-05 09:51:54.867 [main] GenericDao - Lesson{lessonId=3, student=4, teacher=6}
